2021-10-21T21:32:25+00:00 CRITICAL syntax error, unexpected '$post' (T_VARIABLE), em /home/anuncio360.com/public/wp-content/themes/my-listing/templates/listing.php, na linha 1

2021-10-21T21:32:39+00:00 CRITICAL syntax error, unexpected '$post' (T_VARIABLE), em /home/anuncio360.com/public/wp-content/themes/my-listing/templates/listing.php, na linha 1

2021-10-21T21:40:21+00:00 CRITICAL syntax error, unexpected 'endforeach' (T_ENDFOREACH), expecting case (T_CASE) or default (T_DEFAULT) or '}', em /home/anuncio360.com/public/wp-content/themes/my-listing/partials/single/cover/gallery.php, na linha 1

2021-10-21T21:41:10+00:00 CRITICAL syntax error, unexpected 'endforeach' (T_ENDFOREACH), expecting case (T_CASE) or default (T_DEFAULT) or '}', em /home/anuncio360.com/public/wp-content/themes/my-listing/partials/single/cover/gallery.php, na linha 1

2021-10-21T21:41:21+00:00 CRITICAL syntax error, unexpected 'endforeach' (T_ENDFOREACH), expecting case (T_CASE) or default (T_DEFAULT) or '}', em /home/anuncio360.com/public/wp-content/themes/my-listing/partials/single/cover/gallery.php, na linha 1

2021-10-21T21:43:10+00:00 CRITICAL syntax error, unexpected 'endforeach' (T_ENDFOREACH), expecting case (T_CASE) or default (T_DEFAULT) or '}', em /home/anuncio360.com/public/wp-content/themes/my-listing/partials/single/cover/gallery.php, na linha 1

2021-10-21T21:43:44+00:00 CRITICAL syntax error, unexpected 'endforeach' (T_ENDFOREACH), expecting case (T_CASE) or default (T_DEFAULT) or '}', em /home/anuncio360.com/public/wp-content/themes/my-listing/partials/single/cover/gallery.php, na linha 1

2021-10-21T21:43:55+00:00 CRITICAL syntax error, unexpected 'endforeach' (T_ENDFOREACH), expecting case (T_CASE) or default (T_DEFAULT) or '}', em /home/anuncio360.com/public/wp-content/themes/my-listing/partials/single/cover/gallery.php, na linha 1

2021-10-21T21:44:04+00:00 CRITICAL syntax error, unexpected 'endforeach' (T_ENDFOREACH), expecting case (T_CASE) or default (T_DEFAULT) or '}', em /home/anuncio360.com/public/wp-content/themes/my-listing/partials/single/cover/gallery.php, na linha 1

2021-10-21T21:44:35+00:00 CRITICAL syntax error, unexpected 'endforeach' (T_ENDFOREACH), expecting case (T_CASE) or default (T_DEFAULT) or '}', em /home/anuncio360.com/public/wp-content/themes/my-listing/partials/single/cover/gallery.php, na linha 1

2021-10-21T21:44:45+00:00 CRITICAL syntax error, unexpected 'endforeach' (T_ENDFOREACH), expecting case (T_CASE) or default (T_DEFAULT) or '}', em /home/anuncio360.com/public/wp-content/themes/my-listing/partials/single/cover/gallery.php, na linha 1

2021-10-21T21:45:39+00:00 CRITICAL syntax error, unexpected 'endforeach' (T_ENDFOREACH), expecting case (T_CASE) or default (T_DEFAULT) or '}', em /home/anuncio360.com/public/wp-content/themes/my-listing/partials/single/cover/gallery.php, na linha 1

2021-10-21T21:46:16+00:00 CRITICAL syntax error, unexpected 'endforeach' (T_ENDFOREACH), expecting case (T_CASE) or default (T_DEFAULT) or '}', em /home/anuncio360.com/public/wp-content/themes/my-listing/partials/single/cover/gallery.php, na linha 1

2021-10-21T21:46:38+00:00 CRITICAL syntax error, unexpected 'endforeach' (T_ENDFOREACH), expecting case (T_CASE) or default (T_DEFAULT) or '}', em /home/anuncio360.com/public/wp-content/themes/my-listing/partials/single/cover/gallery.php, na linha 1

2021-10-21T21:47:02+00:00 CRITICAL syntax error, unexpected 'endforeach' (T_ENDFOREACH), expecting case (T_CASE) or default (T_DEFAULT) or '}', em /home/anuncio360.com/public/wp-content/themes/my-listing/partials/single/cover/gallery.php, na linha 1

2021-10-21T21:49:22+00:00 CRITICAL syntax error, unexpected 'endforeach' (T_ENDFOREACH), expecting case (T_CASE) or default (T_DEFAULT) or '}', em /home/anuncio360.com/public/wp-content/themes/my-listing/partials/single/cover/gallery.php, na linha 1

2021-10-21T21:53:06+00:00 CRITICAL syntax error, unexpected 'freme_yutuber' (T_STRING), em /home/anuncio360.com/public/wp-content/themes/my-listing/partials/single/cover/gallery.php, na linha 1

2021-10-21T21:54:20+00:00 CRITICAL syntax error, unexpected 'freme_yutuber' (T_STRING), em /home/anuncio360.com/public/wp-content/themes/my-listing/partials/single/cover/gallery.php, na linha 1

2021-10-21T21:54:39+00:00 CRITICAL syntax error, unexpected 'freme_yutuber' (T_STRING), em /home/anuncio360.com/public/wp-content/themes/my-listing/partials/single/cover/gallery.php, na linha 1

2021-10-21T21:54:46+00:00 CRITICAL syntax error, unexpected 'freme_yutuber' (T_STRING), em /home/anuncio360.com/public/wp-content/themes/my-listing/partials/single/cover/gallery.php, na linha 1

2021-10-21T21:55:15+00:00 CRITICAL syntax error, unexpected 'freme_yutuber' (T_STRING), em /home/anuncio360.com/public/wp-content/themes/my-listing/partials/single/cover/gallery.php, na linha 1

2021-10-21T22:03:36+00:00 CRITICAL syntax error, unexpected 'freme_yutuber' (T_STRING), em /home/anuncio360.com/public/wp-content/themes/my-listing/partials/single/cover/gallery.php, na linha 1

2021-10-21T22:04:14+00:00 CRITICAL syntax error, unexpected '$overlay_opacity' (T_VARIABLE), em /home/anuncio360.com/public/wp-content/themes/my-listing/partials/single/cover/gallery.php, na linha 1

2021-10-21T22:04:48+00:00 CRITICAL syntax error, unexpected '$overlay_opacity' (T_VARIABLE), em /home/anuncio360.com/public/wp-content/themes/my-listing/partials/single/cover/gallery.php, na linha 1

2021-10-21T22:04:58+00:00 CRITICAL syntax error, unexpected '$overlay_opacity' (T_VARIABLE), em /home/anuncio360.com/public/wp-content/themes/my-listing/partials/single/cover/gallery.php, na linha 1

2021-10-21T22:06:01+00:00 CRITICAL syntax error, unexpected 'endforeach' (T_ENDFOREACH), expecting case (T_CASE) or default (T_DEFAULT) or '}', em /home/anuncio360.com/public/wp-content/themes/my-listing/partials/single/cover/gallery.php, na linha 1

2021-10-21T22:06:16+00:00 CRITICAL syntax error, unexpected 'endforeach' (T_ENDFOREACH), expecting case (T_CASE) or default (T_DEFAULT) or '}', em /home/anuncio360.com/public/wp-content/themes/my-listing/partials/single/cover/gallery.php, na linha 1

2021-10-21T22:06:37+00:00 CRITICAL syntax error, unexpected 'endforeach' (T_ENDFOREACH), expecting case (T_CASE) or default (T_DEFAULT) or '}', em /home/anuncio360.com/public/wp-content/themes/my-listing/partials/single/cover/gallery.php, na linha 1

2021-10-21T22:16:27+00:00 CRITICAL syntax error, unexpected 'endforeach' (T_ENDFOREACH), expecting case (T_CASE) or default (T_DEFAULT) or '}', em /home/anuncio360.com/public/wp-content/themes/my-listing/partials/single/cover/gallery.php, na linha 1

2021-10-21T22:17:12+00:00 CRITICAL syntax error, unexpected 'endforeach' (T_ENDFOREACH), expecting case (T_CASE) or default (T_DEFAULT) or '}', em /home/anuncio360.com/public/wp-content/themes/my-listing/partials/single/cover/gallery.php, na linha 1

2021-10-21T22:17:42+00:00 CRITICAL syntax error, unexpected 'endforeach' (T_ENDFOREACH), expecting case (T_CASE) or default (T_DEFAULT) or '}', em /home/anuncio360.com/public/wp-content/themes/my-listing/partials/single/cover/gallery.php, na linha 1

2021-10-21T22:44:50+00:00 CRITICAL syntax error, unexpected 'if' (T_IF), em /home/anuncio360.com/public/wp-content/themes/my-listing/templates/single-listing/quick-actions/call-now.php, na linha 1

2021-10-21T22:44:52+00:00 CRITICAL syntax error, unexpected 'if' (T_IF), em /home/anuncio360.com/public/wp-content/themes/my-listing/templates/single-listing/quick-actions/call-now.php, na linha 1

2021-10-21T22:45:07+00:00 CRITICAL syntax error, unexpected 'if' (T_IF), em /home/anuncio360.com/public/wp-content/themes/my-listing/templates/single-listing/quick-actions/call-now.php, na linha 1

2021-10-21T22:45:21+00:00 CRITICAL syntax error, unexpected 'if' (T_IF), em /home/anuncio360.com/public/wp-content/themes/my-listing/templates/single-listing/quick-actions/call-now.php, na linha 1

